-------------------------------------------------------------------------------
Test set: com.nnk.springboot.BidTests
-------------------------------------------------------------------------------
Tests run: 1, Failures: 0, Errors: 1, Skipped: 0, Time elapsed: 6.974 s <<< FAILURE! - in com.nnk.springboot.BidTests
bidListTest(com.nnk.springboot.BidTests)  Time elapsed: 0.003 s  <<< ERROR!
java.lang.IllegalStateException: Failed to load ApplicationContext
Caused by: org.springframework.beans.factory.UnsatisfiedDependencyException: Error creating bean with name 'loginController': Unsatisfied dependency expressed through field 'userRepository'; nested exception is org.springframework.beans.factory.BeanCreationException: Error creating bean with name 'userRepository': Post-processing of merged bean definition failed; nested exception is java.lang.NoClassDefFoundError: javax/persistence/SynchronizationType
Caused by: org.springframework.beans.factory.BeanCreationException: Error creating bean with name 'userRepository': Post-processing of merged bean definition failed; nested exception is java.lang.NoClassDefFoundError: javax/persistence/SynchronizationType
Caused by: java.lang.NoClassDefFoundError: javax/persistence/SynchronizationType
Caused by: java.lang.ClassNotFoundException: javax.persistence.SynchronizationType

