-------------------------------------------------------------------------------
Test set: com.nnk.springboot.controllerTest.TradeControllerTest
-------------------------------------------------------------------------------
Tests run: 6, Failures: 1, Errors: 0, Skipped: 0, Time elapsed: 0.551 s <<< FAILURE! - in com.nnk.springboot.controllerTest.TradeControllerTest
com.nnk.springboot.controllerTest.TradeControllerTest.postAddTrade  Time elapsed: 0.387 s  <<< FAILURE!
java.lang.AssertionError: View name expected:<trade/list> but was:<trade/add>
	at com.nnk.springboot.controllerTest.TradeControllerTest.postAddTrade(TradeControllerTest.java:117)

